{
  "RSpec": {
    "coverage": {
      "C:/Users/Nick/coding-projects/one-maths-tech-test/app.rb": [
        1,
        1,
        1,
        1,
        1,
        null,
        null,
        1,
        1,
        1,
        1,
        1,
        1,
        null,
        null,
        1,
        1,
        1,
        1,
        null,
        null,
        null,
        1,
        1
      ],
      "C:/Users/Nick/coding-projects/one-maths-tech-test/models/expressions/expression.rb": [
        null,
        1,
        1,
        null,
        1,
        128,
        64,
        null,
        64,
        null,
        null,
        128,
        null,
        null,
        1,
        null,
        null,
        1,
        64,
        null,
        null,
        1,
        0,
        null,
        null
      ],
      "C:/Users/Nick/coding-projects/one-maths-tech-test/models/expressions/addition.rb": [
        null,
        1,
        null
      ],
      "C:/Users/Nick/coding-projects/one-maths-tech-test/models/expressions/multiplication.rb": [
        null,
        1,
        null,
        null
      ],
      "C:/Users/Nick/coding-projects/one-maths-tech-test/models/expressions/division.rb": [
        null,
        1,
        1,
        32,
        32,
        null,
        null,
        32,
        0,
        null,
        null,
        null,
        1,
        0,
        null,
        null,
        1,
        0,
        null,
        null,
        1,
        0,
        null,
        null,
        1,
        0,
        null,
        null,
        1,
        1,
        null
      ],
      "C:/Users/Nick/coding-projects/one-maths-tech-test/models/expressions/power.rb": [
        null,
        1,
        null,
        1,
        0,
        null,
        null,
        1,
        0,
        null,
        null,
        1,
        0,
        null,
        null,
        1,
        0,
        null,
        null
      ],
      "C:/Users/Nick/coding-projects/one-maths-tech-test/models/objectifiers/objectify_superclass.rb": [
        null,
        1,
        null,
        1,
        64,
        null,
        null,
        1,
        64,
        64,
        64,
        64,
        64,
        null,
        null,
        null,
        64,
        null,
        null,
        1,
        48,
        122,
        127,
        130,
        null,
        null,
        null,
        null
      ],
      "C:/Users/Nick/coding-projects/one-maths-tech-test/models/objectifiers/addition.rb": [
        null,
        1,
        null,
        1,
        26,
        null,
        26,
        26,
        null,
        26,
        26,
        null,
        26,
        26,
        null,
        26,
        null,
        null,
        null
      ],
      "C:/Users/Nick/coding-projects/one-maths-tech-test/models/objectifiers/multiplication.rb": [
        null,
        null,
        1,
        null,
        null,
        1,
        null,
        22,
        null,
        22,
        22,
        null,
        22,
        22,
        22,
        null,
        22,
        22,
        22,
        null,
        null,
        null
      ],
      "C:/Users/Nick/coding-projects/one-maths-tech-test/models/objectifiers/division.rb": [
        null,
        null,
        1,
        1,
        16,
        16,
        null,
        16,
        16,
        null,
        null
      ],
      "C:/Users/Nick/coding-projects/one-maths-tech-test/models/simplifier.rb": [
        null,
        null,
        1,
        null,
        null,
        1,
        1,
        null,
        1,
        221,
        null,
        null,
        null,
        221,
        221,
        null,
        null,
        1,
        211,
        null,
        null,
        1,
        328,
        873,
        52,
        52,
        52,
        821,
        65,
        65,
        65,
        null,
        null,
        328,
        null,
        null,
        null,
        1,
        55,
        55,
        55,
        null,
        null,
        1,
        185,
        114,
        71,
        71,
        null,
        null,
        null,
        1,
        57,
        57,
        57,
        57,
        null,
        57,
        57,
        57,
        57,
        null,
        57,
        null,
        null,
        null,
        1,
        69,
        69,
        69,
        69,
        null,
        null,
        1,
        71,
        71,
        71,
        71,
        null,
        null,
        null
      ],
      "C:/Users/Nick/coding-projects/one-maths-tech-test/models/between_brackets.rb": [
        null,
        1,
        null,
        null,
        1,
        224,
        224,
        224,
        224,
        224,
        null,
        null,
        1,
        null,
        224,
        2651,
        257,
        2394,
        257,
        257,
        null,
        null,
        18,
        null,
        null,
        1,
        1,
        null,
        1,
        257,
        206,
        null,
        257,
        null,
        null,
        1,
        257,
        257,
        206,
        null,
        null,
        null,
        1,
        206,
        null,
        null,
        1,
        206,
        null,
        null,
        1,
        206,
        null,
        null,
        1,
        206,
        null,
        null,
        1,
        257,
        null,
        null,
        1,
        257,
        null,
        null,
        1,
        2651,
        null,
        null,
        1,
        2394,
        null,
        null,
        1,
        514,
        null,
        null,
        null
      ],
      "C:/Users/Nick/coding-projects/one-maths-tech-test/lib/factory.rb": [
        null,
        1,
        1,
        52,
        null,
        null,
        1,
        0,
        null,
        null,
        1,
        44,
        null,
        null,
        1,
        32,
        null,
        null,
        1,
        0,
        null,
        null,
        1,
        106,
        null,
        null,
        1,
        114,
        null,
        null,
        1,
        22,
        null,
        null,
        1,
        18,
        null,
        null,
        1,
        13,
        null,
        null,
        1,
        111,
        111,
        111,
        111,
        111,
        null,
        null,
        null,
        111,
        null,
        null,
        null,
        null,
        null
      ],
      "C:/Users/Nick/coding-projects/one-maths-tech-test/lib/state_checker.rb": [
        1,
        null,
        null,
        1,
        109,
        109,
        109,
        109,
        109,
        109,
        109,
        109,
        109,
        null,
        null,
        1,
        126,
        126,
        126,
        null,
        126,
        126,
        126,
        126,
        null,
        null,
        1,
        134,
        134,
        null,
        null,
        1,
        133,
        116,
        104,
        96,
        null,
        null
      ],
      "C:/Users/Nick/coding-projects/one-maths-tech-test/lib/string.rb": [
        1,
        null,
        null,
        1,
        53,
        13,
        13,
        null,
        null,
        40,
        22,
        22,
        null,
        null,
        18,
        18,
        18,
        null,
        null,
        null,
        1,
        0,
        0,
        0,
        0,
        0,
        null,
        null,
        1,
        53,
        53,
        null,
        null,
        1,
        18,
        18,
        18,
        18,
        18,
        18,
        null,
        null,
        1,
        40,
        40,
        40,
        40,
        40,
        40,
        40,
        40,
        40,
        null,
        null,
        null,
        1,
        0,
        0,
        null,
        null,
        null,
        1,
        53,
        131,
        35,
        35,
        null,
        96,
        null,
        null,
        53,
        null,
        null,
        1,
        null,
        35,
        35,
        null,
        35,
        35,
        null,
        35,
        7,
        null,
        28,
        null,
        null,
        null
      ],
      "C:/Users/Nick/coding-projects/one-maths-tech-test/spec/lib/objectify_spec.rb": [
        1,
        null,
        1,
        null,
        1,
        1,
        1,
        1,
        1,
        null,
        null,
        1,
        1,
        1,
        1,
        null,
        null,
        1,
        1,
        1,
        1,
        null,
        null,
        1,
        1,
        1,
        1,
        null,
        null,
        null,
        null,
        1,
        1,
        1,
        1,
        1,
        null,
        null,
        1,
        1,
        1,
        1,
        null,
        null,
        1,
        1,
        1,
        1,
        null,
        null,
        null,
        null,
        1,
        1,
        1,
        1,
        1,
        null,
        null,
        1,
        1,
        1,
        1,
        null,
        null,
        1,
        1,
        1,
        1,
        null,
        null,
        1,
        1,
        1,
        1,
        null,
        null
      ],
      "C:/Users/Nick/coding-projects/one-maths-tech-test/spec/lib/simplifier_spec.rb": [
        1,
        null,
        1,
        null,
        1,
        1,
        1,
        1,
        1,
        null,
        null,
        1,
        1,
        1,
        1,
        null,
        null,
        null,
        null,
        1,
        1,
        1,
        1,
        1,
        null,
        1,
        1,
        1,
        1,
        null,
        1,
        1,
        1,
        1,
        null,
        null,
        null,
        1,
        null,
        null,
        null,
        1,
        1,
        1,
        1,
        1,
        null,
        1,
        1,
        1,
        1,
        null,
        null,
        null,
        1,
        1,
        1,
        1,
        1,
        null,
        null,
        null,
        1,
        1,
        1,
        1,
        null,
        null,
        1,
        1,
        1,
        1,
        1,
        null,
        null,
        null,
        1,
        1,
        1,
        1,
        1,
        null,
        null,
        null,
        null
      ],
      "C:/Users/Nick/coding-projects/one-maths-tech-test/spec/lib/state_checker_spec.rb": [
        1,
        null,
        1,
        1,
        null,
        1,
        null,
        19,
        1,
        1,
        1,
        1,
        null,
        null,
        1,
        1,
        null,
        null,
        null,
        1,
        1,
        1,
        null,
        null,
        1,
        1,
        null,
        null,
        null,
        1,
        1,
        1,
        null,
        null,
        1,
        1,
        1,
        null,
        null,
        null,
        null,
        1,
        1,
        1,
        1,
        null,
        null,
        1,
        1,
        1,
        null,
        null,
        1,
        1,
        1,
        null,
        1,
        1,
        1,
        null,
        1,
        1,
        1,
        null,
        1,
        1,
        1,
        null,
        1,
        1,
        1,
        null,
        1,
        1,
        1,
        null,
        null,
        null,
        1,
        1,
        1,
        1,
        null,
        null,
        null,
        1,
        1,
        1,
        1,
        null,
        null,
        1,
        1,
        1,
        null,
        1,
        1,
        null,
        null,
        null
      ],
      "C:/Users/Nick/coding-projects/one-maths-tech-test/spec/lib/string_spec.rb": [
        1,
        null,
        1,
        1,
        1,
        1,
        1,
        1,
        1,
        null,
        null,
        1,
        1,
        1,
        1,
        null,
        null,
        1,
        1,
        1,
        1,
        null,
        null,
        1,
        1,
        1,
        1,
        null,
        null,
        null,
        1,
        1,
        1,
        1,
        1,
        null,
        null,
        1,
        1,
        1,
        1,
        null,
        null,
        1,
        1,
        1,
        1,
        null,
        null,
        1,
        1,
        1,
        1,
        null,
        null,
        null,
        1,
        1,
        1,
        1,
        1,
        null,
        null,
        1,
        1,
        1,
        1,
        null,
        null,
        1,
        1,
        1,
        1,
        null,
        null,
        null,
        1,
        1,
        1,
        1,
        1,
        null,
        null,
        1,
        1,
        1,
        1,
        null,
        null,
        1,
        1,
        1,
        1,
        null,
        null,
        null,
        1,
        1,
        1,
        1,
        1,
        null,
        null,
        1,
        1,
        1,
        null,
        1,
        null,
        null,
        null,
        1,
        1,
        1,
        1,
        null,
        1,
        null,
        null,
        1,
        1,
        1,
        null,
        1,
        null,
        null,
        null,
        null,
        null,
        null,
        null,
        null,
        null,
        null,
        null,
        null,
        null,
        null,
        null,
        null,
        null,
        null,
        null,
        null,
        null,
        null,
        null,
        null,
        null,
        null,
        null,
        null,
        null,
        null,
        null,
        null,
        null,
        null,
        null,
        null,
        null,
        null,
        null,
        null,
        null,
        null,
        null,
        null
      ]
    },
    "timestamp": 1499329050
  }
}
